Using pre-set license
Built from '2021.3/staging' branch; Version is '2021.3.5f1 (40eb3a945986) revision 4254522'; Using compiler version '192829333'; Build Type 'Release'
OS: 'Windows 10  (10.0.19044) 64bit Professional' Language: 'ko' Physical Memory: 16322 MB
BatchMode: 1, IsHumanControllingUs: 0, StartBugReporterOnCrash: 0, Is64bit: 1, IsPro: 1

COMMAND LINE ARGUMENTS:
C:\Program Files\Unity\Hub\Editor\2021.3.5f1\Editor\Unity.exe
-adb2
-batchMode
-noUpm
-name
AssetImportWorker3
-projectPath
C:/Users/1302/Desktop/HK_Unity/Zombie_FPS
-logFile
Logs/AssetImportWorker3.log
-srvPort
54056
Successfully changed project path to: C:/Users/1302/Desktop/HK_Unity/Zombie_FPS
C:/Users/1302/Desktop/HK_Unity/Zombie_FPS
[UnityMemory] Configuration Parameters - Can be set up in boot.config
    "memorysetup-bucket-allocator-granularity=16"
    "memorysetup-bucket-allocator-bucket-count=8"
    "memorysetup-bucket-allocator-block-size=33554432"
    "memorysetup-bucket-allocator-block-count=8"
    "memorysetup-main-allocator-block-size=16777216"
    "memorysetup-thread-allocator-block-size=16777216"
    "memorysetup-gfx-main-allocator-block-size=16777216"
    "memorysetup-gfx-thread-allocator-block-size=16777216"
    "memorysetup-cache-allocator-block-size=4194304"
    "memorysetup-typetree-allocator-block-size=2097152"
    "memorysetup-profiler-bucket-allocator-granularity=16"
    "memorysetup-profiler-bucket-allocator-bucket-count=8"
    "memorysetup-profiler-bucket-allocator-block-size=33554432"
    "memorysetup-profiler-bucket-allocator-block-count=8"
    "memorysetup-profiler-allocator-block-size=16777216"
    "memorysetup-profiler-editor-allocator-block-size=1048576"
    "memorysetup-temp-allocator-size-main=16777216"
    "memorysetup-job-temp-allocator-block-size=2097152"
    "memorysetup-job-temp-allocator-block-size-background=1048576"
    "memorysetup-job-temp-allocator-reduction-small-platforms=262144"
    "memorysetup-temp-allocator-size-background-worker=32768"
    "memorysetup-temp-allocator-size-job-worker=262144"
    "memorysetup-temp-allocator-size-preload-manager=33554432"
    "memorysetup-temp-allocator-size-nav-mesh-worker=65536"
    "memorysetup-temp-allocator-size-audio-worker=65536"
    "memorysetup-temp-allocator-size-cloud-worker=32768"
    "memorysetup-temp-allocator-size-gi-baking-worker=262144"
    "memorysetup-temp-allocator-size-gfx=262144"
Refreshing native plugins compatible for Editor in 77.18 ms, found 3 plugins.
Preloading 0 native plugins for Editor in 0.00 ms.
Initialize engine version: 2021.3.5f1 (40eb3a945986)
[Subsystems] Discovering subsystems at path C:/Program Files/Unity/Hub/Editor/2021.3.5f1/Editor/Data/Resources/UnitySubsystems
[Subsystems] Discovering subsystems at path C:/Users/1302/Desktop/HK_Unity/Zombie_FPS/Assets
GfxDevice: creating device client; threaded=0; jobified=0
Direct3D:
    Version:  Direct3D 11.0 [level 11.1]
    Renderer: NVIDIA GeForce GTX 1660 (ID=0x2184)
    Vendor:   NVIDIA
    VRAM:     5991 MB
    Driver:   27.21.14.5751
Initialize mono
Mono path[0] = 'C:/Program Files/Unity/Hub/Editor/2021.3.5f1/Editor/Data/Managed'
Mono path[1] = 'C:/Program Files/Unity/Hub/Editor/2021.3.5f1/Editor/Data/MonoBleedingEdge/lib/mono/unityjit-win32'
Mono config path = 'C:/Program Files/Unity/Hub/Editor/2021.3.5f1/Editor/Data/MonoBleedingEdge/etc'
Using monoOptions --debugger-agent=transport=dt_socket,embedding=1,server=y,suspend=n,address=127.0.0.1:56788
Begin MonoManager ReloadAssembly
Registering precompiled unity dll's ...
Register platform support module: C:/Program Files/Unity/Hub/Editor/2021.3.5f1/Editor/Data/PlaybackEngines/WebGLSupport/UnityEditor.WebGL.Extensions.dll
Register platform support module: C:/Program Files/Unity/Hub/Editor/2021.3.5f1/Editor/Data/PlaybackEngines/AndroidPlayer/UnityEditor.Android.Extensions.dll
Register platform support module: C:/Program Files/Unity/Hub/Editor/2021.3.5f1/Editor/Data/PlaybackEngines/WindowsStandaloneSupport/UnityEditor.WindowsStandalone.Extensions.dll
Registered in 0.007290 seconds.
Native extension for WindowsStandalone target not found
Native extension for Android target not found
Native extension for WebGL target not found
Refreshing native plugins compatible for Editor in 77.76 ms, found 3 plugins.
Preloading 0 native plugins for Editor in 0.00 ms.
Mono: successfully reloaded assembly
- Completed reload, in  0.614 seconds
Domain Reload Profiling:
	ReloadAssembly (615ms)
		BeginReloadAssembly (65ms)
			ExecutionOrderSort (0ms)
			DisableScriptedObjects (0ms)
			BackupInstance (0ms)
			ReleaseScriptingObjects (0ms)
			CreateAndSetChildDomain (1ms)
		EndReloadAssembly (447ms)
			LoadAssemblies (64ms)
			RebuildTransferFunctionScriptingTraits (0ms)
			SetupTypeCache (108ms)
			ReleaseScriptCaches (0ms)
			RebuildScriptCaches (28ms)
			SetupLoadedEditorAssemblies (264ms)
				LogAssemblyErrors (0ms)
				InitializePlatformSupportModulesInManaged (53ms)
				SetLoadedEditorAssemblies (0ms)
				RefreshPlugins (78ms)
				BeforeProcessingInitializeOnLoad (1ms)
				ProcessInitializeOnLoadAttributes (91ms)
				ProcessInitializeOnLoadMethodAttributes (40ms)
				AfterProcessingInitializeOnLoad (0ms)
				EditorAssembliesLoaded (0ms)
			ExecutionOrderSort2 (0ms)
			AwakeInstancesAfterBackupRestoration (0ms)
Platform modules already initialized, skipping
Registering precompiled user dll's ...
Registered in 0.004953 seconds.
Begin MonoManager ReloadAssembly
Symbol file LoadedFromMemory doesn't match image C:\Users\1302\Desktop\HK_Unity\Zombie_FPS\Library\PackageCache\com.unity.visualscripting@1.7.8\Editor\VisualScripting.Core\Dependencies\YamlDotNet\Unity.VisualScripting.YamlDotNet.dll
Symbol file LoadedFromMemory doesn't match image C:\Users\1302\Desktop\HK_Unity\Zombie_FPS\Library\PackageCache\com.unity.visualscripting@1.7.8\Editor\VisualScripting.Core\Dependencies\DotNetZip\Unity.VisualScripting.IonicZip.dll
Native extension for WindowsStandalone target not found
Native extension for Android target not found
Native extension for WebGL target not found
Refreshing native plugins compatible for Editor in 0.53 ms, found 3 plugins.
Preloading 0 native plugins for Editor in 0.00 ms.
Mono: successfully reloaded assembly
- Completed reload, in  1.056 seconds
Domain Reload Profiling:
	ReloadAssembly (1057ms)
		BeginReloadAssembly (220ms)
			ExecutionOrderSort (0ms)
			DisableScriptedObjects (5ms)
			BackupInstance (0ms)
			ReleaseScriptingObjects (0ms)
			CreateAndSetChildDomain (136ms)
		EndReloadAssembly (729ms)
			LoadAssemblies (69ms)
			RebuildTransferFunctionScriptingTraits (0ms)
			SetupTypeCache (243ms)
			ReleaseScriptCaches (1ms)
			RebuildScriptCaches (46ms)
			SetupLoadedEditorAssemblies (333ms)
				LogAssemblyErrors (0ms)
				InitializePlatformSupportModulesInManaged (14ms)
				SetLoadedEditorAssemblies (0ms)
				RefreshPlugins (1ms)
				BeforeProcessingInitializeOnLoad (83ms)
				ProcessInitializeOnLoadAttributes (204ms)
				ProcessInitializeOnLoadMethodAttributes (24ms)
				AfterProcessingInitializeOnLoad (6ms)
				EditorAssembliesLoaded (0ms)
			ExecutionOrderSort2 (0ms)
			AwakeInstancesAfterBackupRestoration (5ms)
Platform modules already initialized, skipping
========================================================================
Worker process is ready to serve import requests
Launched and connected shader compiler UnityShaderCompiler.exe after 0.03 seconds
Refreshing native plugins compatible for Editor in 0.62 ms, found 3 plugins.
Preloading 0 native plugins for Editor in 0.00 ms.
Unloading 3370 Unused Serialized files (Serialized files now loaded: 0)
Unloading 27 unused Assets / (111.6 KB). Loaded Objects now: 3851.
Memory consumption went from 129.3 MB to 129.2 MB.
Total: 3.336300 ms (FindLiveObjects: 0.303800 ms CreateObjectMapping: 0.181800 ms MarkObjects: 2.748500 ms  DeleteObjects: 0.101000 ms)

AssetImportParameters requested are different than current active one (requested -> active):
  custom:video-decoder-ogg-theora: a1e56fd34408186e4bbccfd4996cb3dc -> 
  custom:container-muxer-webm: aa71ff27fc2769a1b78a27578f13a17b -> 
  custom:container-demuxer-webm: 4f35f7cbe854078d1ac9338744f61a02 -> 
  custom:video-encoder-webm-vp8: eb34c28f22e8b96e1ab97ce403110664 -> 
  custom:audio-encoder-webm-vorbis: bf7c407c2cedff20999df2af8eb42d56 -> 
  custom:framework-win-MediaFoundation: 216162199b28c13a410421893ffa2e32 -> 
  custom:container-demuxer-ogg: 62fdf1f143b41e24485cea50d1cbac27 -> 
  custom:video-decoder-webm-vp8: 9c59270c3fd7afecdb556c50c9e8de78 -> 
  custom:audio-decoder-ogg-vorbis: bf7c407c2cedff20999df2af8eb42d56 -> 
========================================================================
Received Import Request.
  Time since last request: 1582933.145126 seconds.
  path: Assets/Image/Item/item_log.png
  artifactKey: Guid(eb5e42e1729ee0447944e991209751b7) Importer(815301076,1909f56bfc062723c751e8b465ee728b)
Start importing Assets/Image/Item/item_log.png using Guid(eb5e42e1729ee0447944e991209751b7) Importer(815301076,1909f56bfc062723c751e8b465ee728b)  -> (artifact id: 'a869bfe893ac5f998591bba76936317f') in 0.073314 seconds 
========================================================================
Received Import Request.
  Time since last request: 0.000027 seconds.
  path: Assets/Image/Item/item_submachineGun.png
  artifactKey: Guid(787b4726f56eba745b961b4fb4accc53) Importer(815301076,1909f56bfc062723c751e8b465ee728b)
Start importing Assets/Image/Item/item_submachineGun.png using Guid(787b4726f56eba745b961b4fb4accc53) Importer(815301076,1909f56bfc062723c751e8b465ee728b)  -> (artifact id: 'f0ca6b15d4009e45495cd6e3ae042ed9') in 0.016560 seconds 
========================================================================
Received Import Request.
  Time since last request: 0.000025 seconds.
  path: Assets/Image/Item/item_Used_Meat_Cooked.png
  artifactKey: Guid(9aaa38877828d3847ba61fc271deeabc) Importer(815301076,1909f56bfc062723c751e8b465ee728b)
Start importing Assets/Image/Item/item_Used_Meat_Cooked.png using Guid(9aaa38877828d3847ba61fc271deeabc) Importer(815301076,1909f56bfc062723c751e8b465ee728b)  -> (artifact id: 'bdadf8b3d03a12c44907c7d4f01986e8') in 0.016622 seconds 
========================================================================
Received Import Request.
  Time since last request: 275.329256 seconds.
  path: Assets/Image/UI/Status/Status_Bullet_Base.png
  artifactKey: Guid(46f5c4a44b461c245a417b9cb564836e) Importer(815301076,1909f56bfc062723c751e8b465ee728b)
Start importing Assets/Image/UI/Status/Status_Bullet_Base.png using Guid(46f5c4a44b461c245a417b9cb564836e) Importer(815301076,1909f56bfc062723c751e8b465ee728b)  -> (artifact id: '78596451a0fd9e59dfeeb9cad5a2aaa4') in 0.019149 seconds 
========================================================================
Received Import Request.
  Time since last request: 0.000017 seconds.
  path: Assets/Image/UI/Status/Status_HP.png
  artifactKey: Guid(a08c36be3bf67204ab0512bf9ab250c8) Importer(815301076,1909f56bfc062723c751e8b465ee728b)
Start importing Assets/Image/UI/Status/Status_HP.png using Guid(a08c36be3bf67204ab0512bf9ab250c8) Importer(815301076,1909f56bfc062723c751e8b465ee728b)  -> (artifact id: '95d5974d2e426e193443b3d63e338b0d') in 0.018754 seconds 
========================================================================
Received Import Request.
  Time since last request: 0.000036 seconds.
  path: Assets/Image/UI/Status/Status_Thirsty.png
  artifactKey: Guid(bffd9ab6cd56a134e86ac4c6f12e9a66) Importer(815301076,1909f56bfc062723c751e8b465ee728b)
Start importing Assets/Image/UI/Status/Status_Thirsty.png using Guid(bffd9ab6cd56a134e86ac4c6f12e9a66) Importer(815301076,1909f56bfc062723c751e8b465ee728b)  -> (artifact id: 'c282c79d5b7e545bc29ea5eb1e63df8c') in 0.020258 seconds 
========================================================================
Received Import Request.
  Time since last request: 0.000028 seconds.
  path: Assets/Image/UI/Status/Status_Satisfy.png
  artifactKey: Guid(4f1a7ee42bab1c44a8b663d15929b7f2) Importer(815301076,1909f56bfc062723c751e8b465ee728b)
Start importing Assets/Image/UI/Status/Status_Satisfy.png using Guid(4f1a7ee42bab1c44a8b663d15929b7f2) Importer(815301076,1909f56bfc062723c751e8b465ee728b)  -> (artifact id: '343543b07cc182e4560a9bd8e34e2749') in 0.019110 seconds 
========================================================================
Received Import Request.
  Time since last request: 0.000030 seconds.
  path: Assets/Image/UI/Status/Status_Hungry.png
  artifactKey: Guid(531ef3dbd2db4ea4e90f88ee56d15897) Importer(815301076,1909f56bfc062723c751e8b465ee728b)
Start importing Assets/Image/UI/Status/Status_Hungry.png using Guid(531ef3dbd2db4ea4e90f88ee56d15897) Importer(815301076,1909f56bfc062723c751e8b465ee728b)  -> (artifact id: '5df22024ab6100c9ef3746f9ee28b04e') in 0.013628 seconds 
========================================================================
Received Import Request.
  Time since last request: 1.025339 seconds.
  path: Assets/Image/UI/Quick Slot/QuickSlot_UI_Equiped.png
  artifactKey: Guid(dbfe77c74fcd1284f84a1cb80911c8d8) Importer(815301076,1909f56bfc062723c751e8b465ee728b)
Start importing Assets/Image/UI/Quick Slot/QuickSlot_UI_Equiped.png using Guid(dbfe77c74fcd1284f84a1cb80911c8d8) Importer(815301076,1909f56bfc062723c751e8b465ee728b)  -> (artifact id: '8897bb6bbbbb4aa20cbb7b86a8164111') in 0.015806 seconds 
========================================================================
Received Import Request.
  Time since last request: 0.000016 seconds.
  path: Assets/Image/UI/Quick Slot/QuickSlot_UI_Selected.png
  artifactKey: Guid(0ceb7b0fefe60404bba4d285afdcced9) Importer(815301076,1909f56bfc062723c751e8b465ee728b)
Start importing Assets/Image/UI/Quick Slot/QuickSlot_UI_Selected.png using Guid(0ceb7b0fefe60404bba4d285afdcced9) Importer(815301076,1909f56bfc062723c751e8b465ee728b)  -> (artifact id: 'f27d42d76f82c14fd8d04c5e34d95ede') in 0.015601 seconds 
========================================================================
Received Import Request.
  Time since last request: 0.702466 seconds.
  path: Assets/Image/UI/Pose/Pose_Stand.png
  artifactKey: Guid(6076362e9f5447f419c82fffdacaeb56) Importer(815301076,1909f56bfc062723c751e8b465ee728b)
Start importing Assets/Image/UI/Pose/Pose_Stand.png using Guid(6076362e9f5447f419c82fffdacaeb56) Importer(815301076,1909f56bfc062723c751e8b465ee728b)  -> (artifact id: 'e316da5fa995b0377b5b93b1e8105100') in 0.014311 seconds 
========================================================================
Received Import Request.
  Time since last request: 0.724027 seconds.
  path: Assets/Image/UI/Oxygen/Oxygen_Base_UI.png
  artifactKey: Guid(24d8fb236466da8449c5e4531563c21a) Importer(815301076,1909f56bfc062723c751e8b465ee728b)
Start importing Assets/Image/UI/Oxygen/Oxygen_Base_UI.png using Guid(24d8fb236466da8449c5e4531563c21a) Importer(815301076,1909f56bfc062723c751e8b465ee728b)  -> (artifact id: 'dd17f25e633a21e8e68c5668d1083a82') in 0.015915 seconds 
========================================================================
Received Import Request.
  Time since last request: 0.475469 seconds.
  path: Assets/Image/UI/Inventory/Inventory_Slot_Count_UI.png
  artifactKey: Guid(f88c417e535e47942ba6e1b497dc4438) Importer(815301076,1909f56bfc062723c751e8b465ee728b)
Start importing Assets/Image/UI/Inventory/Inventory_Slot_Count_UI.png using Guid(f88c417e535e47942ba6e1b497dc4438) Importer(815301076,1909f56bfc062723c751e8b465ee728b)  -> (artifact id: 'c04adf8e960dd999b25b677278db3014') in 0.016275 seconds 
========================================================================
Received Import Request.
  Time since last request: 0.353854 seconds.
  path: Assets/Image/UI/Craft_Manual/Craft_Manual_Base_Tab.png
  artifactKey: Guid(997ce545fa044fb4399cb6bb12b0e47b) Importer(815301076,1909f56bfc062723c751e8b465ee728b)
Start importing Assets/Image/UI/Craft_Manual/Craft_Manual_Base_Tab.png using Guid(997ce545fa044fb4399cb6bb12b0e47b) Importer(815301076,1909f56bfc062723c751e8b465ee728b)  -> (artifact id: 'dbfb9b0fb894816f15fa776f17f21e7a') in 0.015608 seconds 
========================================================================
Received Import Request.
  Time since last request: 0.000029 seconds.
  path: Assets/Image/UI/Craft_Manual/Craft_Manul_FireTab_fire1.png
  artifactKey: Guid(8406dbae2939ecb45b2686a946e9a7f3) Importer(815301076,1909f56bfc062723c751e8b465ee728b)
Start importing Assets/Image/UI/Craft_Manual/Craft_Manul_FireTab_fire1.png using Guid(8406dbae2939ecb45b2686a946e9a7f3) Importer(815301076,1909f56bfc062723c751e8b465ee728b)  -> (artifact id: 'e56dc30603a5a6605089d7a0caaea9f1') in 0.017939 seconds 
========================================================================
Received Import Request.
  Time since last request: 0.000015 seconds.
  path: Assets/Image/UI/Craft_Manual/Craft_Manul_BuildTab_Stair Pillar.png
  artifactKey: Guid(797bd5b6c89a77c4d9273b4deca17220) Importer(815301076,1909f56bfc062723c751e8b465ee728b)
Start importing Assets/Image/UI/Craft_Manual/Craft_Manul_BuildTab_Stair Pillar.png using Guid(797bd5b6c89a77c4d9273b4deca17220) Importer(815301076,1909f56bfc062723c751e8b465ee728b)  -> (artifact id: 'f093e7176efd5c689c1be05df2e88d26') in 0.017919 seconds 
========================================================================
Received Import Request.
  Time since last request: 0.000021 seconds.
  path: Assets/Image/UI/Craft_Manual/Craft_Manul_BuildTab_Roof Tip.png
  artifactKey: Guid(97634b5c50187b545adf4c473e07d55c) Importer(815301076,1909f56bfc062723c751e8b465ee728b)
Start importing Assets/Image/UI/Craft_Manual/Craft_Manul_BuildTab_Roof Tip.png using Guid(97634b5c50187b545adf4c473e07d55c) Importer(815301076,1909f56bfc062723c751e8b465ee728b)  -> (artifact id: '2d8ea1c56b79c19526770f7c8c25f628') in 0.015887 seconds 
========================================================================
Received Import Request.
  Time since last request: 0.000025 seconds.
  path: Assets/Image/UI/Craft_Manual/Craft_Manul_BuildTab_Wall_Long.png
  artifactKey: Guid(932d261a572584240ac8b372f3528171) Importer(815301076,1909f56bfc062723c751e8b465ee728b)
Start importing Assets/Image/UI/Craft_Manual/Craft_Manul_BuildTab_Wall_Long.png using Guid(932d261a572584240ac8b372f3528171) Importer(815301076,1909f56bfc062723c751e8b465ee728b)  -> (artifact id: '12177d19d617dd15d5e9130fc3222ece') in 0.018453 seconds 
========================================================================
Received Import Request.
  Time since last request: 0.000028 seconds.
  path: Assets/Image/UI/Craft_Manual/Craft_Manul_BuildTab_Stair.png
  artifactKey: Guid(755b67da51d225e42a24e2312402a0b9) Importer(815301076,1909f56bfc062723c751e8b465ee728b)
Start importing Assets/Image/UI/Craft_Manual/Craft_Manul_BuildTab_Stair.png using Guid(755b67da51d225e42a24e2312402a0b9) Importer(815301076,1909f56bfc062723c751e8b465ee728b)  -> (artifact id: 'dd94c653c4ed08d6fa26921963979f69') in 0.017013 seconds 
========================================================================
Received Import Request.
  Time since last request: 0.000023 seconds.
  path: Assets/Image/UI/Craft_Manual/Craft_Manual_Base_UI.png
  artifactKey: Guid(e092f2ddbcff8a340bb808796561e6f2) Importer(815301076,1909f56bfc062723c751e8b465ee728b)
Start importing Assets/Image/UI/Craft_Manual/Craft_Manual_Base_UI.png using Guid(e092f2ddbcff8a340bb808796561e6f2) Importer(815301076,1909f56bfc062723c751e8b465ee728b)  -> (artifact id: '17c00de64a977f4571b6dd52096cea71') in 0.023248 seconds 
========================================================================
Received Import Request.
  Time since last request: 0.471969 seconds.
  path: Assets/Image/UI/BasicSurvivalKitComputer/BasicSurvivalKitComputer_UI_CircleSlot_0_ArchemyTable.png
  artifactKey: Guid(0fa7d2072c2730842a9a0202853a7db7) Importer(815301076,1909f56bfc062723c751e8b465ee728b)
Start importing Assets/Image/UI/BasicSurvivalKitComputer/BasicSurvivalKitComputer_UI_CircleSlot_0_ArchemyTable.png using Guid(0fa7d2072c2730842a9a0202853a7db7) Importer(815301076,1909f56bfc062723c751e8b465ee728b)  -> (artifact id: 'abe563caf908250fd96de49d482c04a8') in 0.017812 seconds 
========================================================================
Received Import Request.
  Time since last request: 0.000017 seconds.
  path: Assets/Image/UI/BasicSurvivalKitComputer/BasicSurvivalKitComputer_UI_ToolTip.png
  artifactKey: Guid(e651a234e5ea54e4ba7c0bc6180cf60e) Importer(815301076,1909f56bfc062723c751e8b465ee728b)
Start importing Assets/Image/UI/BasicSurvivalKitComputer/BasicSurvivalKitComputer_UI_ToolTip.png using Guid(e651a234e5ea54e4ba7c0bc6180cf60e) Importer(815301076,1909f56bfc062723c751e8b465ee728b)  -> (artifact id: '6f2b0a2089cbf82be040fd975ed3440f') in 0.015445 seconds 
========================================================================
Received Import Request.
  Time since last request: 0.621003 seconds.
  path: Assets/Image/UI/Archemy Table/Archemy_Button.png
  artifactKey: Guid(cc45f00005625d248b912b2bc872e695) Importer(815301076,1909f56bfc062723c751e8b465ee728b)
Start importing Assets/Image/UI/Archemy Table/Archemy_Button.png using Guid(cc45f00005625d248b912b2bc872e695) Importer(815301076,1909f56bfc062723c751e8b465ee728b)  -> (artifact id: '50562470e22e63a0dcda1ac3e7a610cc') in 0.016433 seconds 
========================================================================
Received Prepare
Registering precompiled user dll's ...
Registered in 0.004441 seconds.
Begin MonoManager ReloadAssembly
Symbol file LoadedFromMemory doesn't match image C:\Users\1302\Desktop\HK_Unity\Zombie_FPS\Library\PackageCache\com.unity.visualscripting@1.7.8\Editor\VisualScripting.Core\Dependencies\YamlDotNet\Unity.VisualScripting.YamlDotNet.dll
Symbol file LoadedFromMemory doesn't match image C:\Users\1302\Desktop\HK_Unity\Zombie_FPS\Library\PackageCache\com.unity.visualscripting@1.7.8\Editor\VisualScripting.Core\Dependencies\DotNetZip\Unity.VisualScripting.IonicZip.dll
Native extension for WindowsStandalone target not found
Native extension for Android target not found
Native extension for WebGL target not found
Refreshing native plugins compatible for Editor in 0.54 ms, found 3 plugins.
Preloading 0 native plugins for Editor in 0.00 ms.
Mono: successfully reloaded assembly
- Completed reload, in  0.943 seconds
Domain Reload Profiling:
	ReloadAssembly (943ms)
		BeginReloadAssembly (135ms)
			ExecutionOrderSort (0ms)
			DisableScriptedObjects (7ms)
			BackupInstance (0ms)
			ReleaseScriptingObjects (0ms)
			CreateAndSetChildDomain (39ms)
		EndReloadAssembly (714ms)
			LoadAssemblies (79ms)
			RebuildTransferFunctionScriptingTraits (0ms)
			SetupTypeCache (255ms)
			ReleaseScriptCaches (1ms)
			RebuildScriptCaches (40ms)
			SetupLoadedEditorAssemblies (296ms)
				LogAssemblyErrors (0ms)
				InitializePlatformSupportModulesInManaged (22ms)
				SetLoadedEditorAssemblies (0ms)
				RefreshPlugins (1ms)
				BeforeProcessingInitializeOnLoad (62ms)
				ProcessInitializeOnLoadAttributes (180ms)
				ProcessInitializeOnLoadMethodAttributes (24ms)
				AfterProcessingInitializeOnLoad (7ms)
				EditorAssembliesLoaded (0ms)
			ExecutionOrderSort2 (0ms)
			AwakeInstancesAfterBackupRestoration (5ms)
Platform modules already initialized, skipping
Refreshing native plugins compatible for Editor in 1.58 ms, found 3 plugins.
Preloading 0 native plugins for Editor in 0.00 ms.
Unloading 3364 Unused Serialized files (Serialized files now loaded: 0)
Unloading 20 unused Assets / (79.1 KB). Loaded Objects now: 3864.
Memory consumption went from 129.2 MB to 129.1 MB.
Total: 2.620300 ms (FindLiveObjects: 0.241200 ms CreateObjectMapping: 0.147500 ms MarkObjects: 2.155400 ms  DeleteObjects: 0.075300 ms)

AssetImportParameters requested are different than current active one (requested -> active):
  custom:video-decoder-ogg-theora: a1e56fd34408186e4bbccfd4996cb3dc -> 
  custom:container-muxer-webm: aa71ff27fc2769a1b78a27578f13a17b -> 
  custom:container-demuxer-webm: 4f35f7cbe854078d1ac9338744f61a02 -> 
  custom:video-encoder-webm-vp8: eb34c28f22e8b96e1ab97ce403110664 -> 
  custom:audio-encoder-webm-vorbis: bf7c407c2cedff20999df2af8eb42d56 -> 
  custom:framework-win-MediaFoundation: 216162199b28c13a410421893ffa2e32 -> 
  custom:container-demuxer-ogg: 62fdf1f143b41e24485cea50d1cbac27 -> 
  custom:video-decoder-webm-vp8: 9c59270c3fd7afecdb556c50c9e8de78 -> 
  custom:audio-decoder-ogg-vorbis: bf7c407c2cedff20999df2af8eb42d56 -> 
========================================================================
Received Prepare
Registering precompiled user dll's ...
Registered in 0.005313 seconds.
Begin MonoManager ReloadAssembly
Symbol file LoadedFromMemory doesn't match image C:\Users\1302\Desktop\HK_Unity\Zombie_FPS\Library\PackageCache\com.unity.visualscripting@1.7.8\Editor\VisualScripting.Core\Dependencies\YamlDotNet\Unity.VisualScripting.YamlDotNet.dll
Symbol file LoadedFromMemory doesn't match image C:\Users\1302\Desktop\HK_Unity\Zombie_FPS\Library\PackageCache\com.unity.visualscripting@1.7.8\Editor\VisualScripting.Core\Dependencies\DotNetZip\Unity.VisualScripting.IonicZip.dll
Native extension for WindowsStandalone target not found
Native extension for Android target not found
Native extension for WebGL target not found
Refreshing native plugins compatible for Editor in 0.63 ms, found 3 plugins.
Preloading 0 native plugins for Editor in 0.00 ms.
Mono: successfully reloaded assembly
- Completed reload, in  0.984 seconds
Domain Reload Profiling:
	ReloadAssembly (984ms)
		BeginReloadAssembly (123ms)
			ExecutionOrderSort (0ms)
			DisableScriptedObjects (5ms)
			BackupInstance (0ms)
			ReleaseScriptingObjects (0ms)
			CreateAndSetChildDomain (35ms)
		EndReloadAssembly (770ms)
			LoadAssemblies (77ms)
			RebuildTransferFunctionScriptingTraits (0ms)
			SetupTypeCache (274ms)
			ReleaseScriptCaches (1ms)
			RebuildScriptCaches (41ms)
			SetupLoadedEditorAssemblies (328ms)
				LogAssemblyErrors (0ms)
				InitializePlatformSupportModulesInManaged (23ms)
				SetLoadedEditorAssemblies (1ms)
				RefreshPlugins (1ms)
				BeforeProcessingInitializeOnLoad (70ms)
				ProcessInitializeOnLoadAttributes (203ms)
				ProcessInitializeOnLoadMethodAttributes (24ms)
				AfterProcessingInitializeOnLoad (6ms)
				EditorAssembliesLoaded (0ms)
			ExecutionOrderSort2 (0ms)
			AwakeInstancesAfterBackupRestoration (5ms)
Platform modules already initialized, skipping
Refreshing native plugins compatible for Editor in 1.57 ms, found 3 plugins.
Preloading 0 native plugins for Editor in 0.00 ms.
Unloading 3364 Unused Serialized files (Serialized files now loaded: 0)
Unloading 20 unused Assets / (79.2 KB). Loaded Objects now: 3867.
Memory consumption went from 129.2 MB to 129.1 MB.
Total: 2.550100 ms (FindLiveObjects: 0.243700 ms CreateObjectMapping: 0.144200 ms MarkObjects: 2.100300 ms  DeleteObjects: 0.061000 ms)

AssetImportParameters requested are different than current active one (requested -> active):
  custom:video-decoder-ogg-theora: a1e56fd34408186e4bbccfd4996cb3dc -> 
  custom:container-muxer-webm: aa71ff27fc2769a1b78a27578f13a17b -> 
  custom:container-demuxer-webm: 4f35f7cbe854078d1ac9338744f61a02 -> 
  custom:video-encoder-webm-vp8: eb34c28f22e8b96e1ab97ce403110664 -> 
  custom:audio-encoder-webm-vorbis: bf7c407c2cedff20999df2af8eb42d56 -> 
  custom:framework-win-MediaFoundation: 216162199b28c13a410421893ffa2e32 -> 
  custom:container-demuxer-ogg: 62fdf1f143b41e24485cea50d1cbac27 -> 
  custom:video-decoder-webm-vp8: 9c59270c3fd7afecdb556c50c9e8de78 -> 
  custom:audio-decoder-ogg-vorbis: bf7c407c2cedff20999df2af8eb42d56 -> 
========================================================================
Received Import Request.
  Time since last request: 966.887021 seconds.
  path: Assets/New Terrain 2.asset
  artifactKey: Guid(facf6b3410b4386448555dd082a27531) Importer(815301076,1909f56bfc062723c751e8b465ee728b)
Start importing Assets/New Terrain 2.asset using Guid(facf6b3410b4386448555dd082a27531) Importer(815301076,1909f56bfc062723c751e8b465ee728b)  -> (artifact id: '679723f1e592bf0075c1ed4f43e41635') in 0.030868 seconds 
========================================================================
Received Import Request.
  Time since last request: 0.000025 seconds.
  path: Assets/TerrainData_5c4641eb-1c1e-4e87-b232-33f58fd5ddfb.asset
  artifactKey: Guid(e188a1f5a6112794ba2133cbf3ed1aa3) Importer(815301076,1909f56bfc062723c751e8b465ee728b)
Start importing Assets/TerrainData_5c4641eb-1c1e-4e87-b232-33f58fd5ddfb.asset using Guid(e188a1f5a6112794ba2133cbf3ed1aa3) Importer(815301076,1909f56bfc062723c751e8b465ee728b)  -> (artifact id: '7d1e85e7066cd91c0c3e0c9024e8bd43') in 0.009804 seconds 
========================================================================
Received Import Request.
  Time since last request: 0.000019 seconds.
  path: Assets/TerrainData_284d022b-646a-4209-a386-2e44fe9bc809.asset
  artifactKey: Guid(25eae6382f199ad4d8b68fe70b6e697e) Importer(815301076,1909f56bfc062723c751e8b465ee728b)
Start importing Assets/TerrainData_284d022b-646a-4209-a386-2e44fe9bc809.asset using Guid(25eae6382f199ad4d8b68fe70b6e697e) Importer(815301076,1909f56bfc062723c751e8b465ee728b)  -> (artifact id: '29c2b1c0b74450d10d931a22b864c24d') in 0.009962 seconds 
========================================================================
Received Import Request.
  Time since last request: 0.000018 seconds.
  path: Assets/Tree.prefab
  artifactKey: Guid(c7782ec377db53c4184642182b659cea) Importer(815301076,1909f56bfc062723c751e8b465ee728b)
Start importing Assets/Tree.prefab using Guid(c7782ec377db53c4184642182b659cea) Importer(815301076,1909f56bfc062723c751e8b465ee728b)  -> (artifact id: '671d256451f77b907fcca8080eb7d55b') in 0.136653 seconds 
========================================================================
Received Import Request.
  Time since last request: 0.000024 seconds.
  path: Assets/Tree 2.prefab
  artifactKey: Guid(68386bb9ed4782f458b6ed31d9d1e4fa) Importer(815301076,1909f56bfc062723c751e8b465ee728b)
Start importing Assets/Tree 2.prefab using Guid(68386bb9ed4782f458b6ed31d9d1e4fa) Importer(815301076,1909f56bfc062723c751e8b465ee728b)  -> (artifact id: '6bf2a2edb65770f5b433321ea3b771b3') in 0.036610 seconds 
========================================================================
Received Import Request.
  Time since last request: 0.000029 seconds.
  path: Assets/New Terrain 3.asset
  artifactKey: Guid(b2ccd48ba80986740a74f5dc644d8a77) Importer(815301076,1909f56bfc062723c751e8b465ee728b)
Start importing Assets/New Terrain 3.asset using Guid(b2ccd48ba80986740a74f5dc644d8a77) Importer(815301076,1909f56bfc062723c751e8b465ee728b)  -> (artifact id: '672b5c890045eacea91e2898ea207596') in 0.009345 seconds 
========================================================================
Received Import Request.
  Time since last request: 0.000019 seconds.
  path: Assets/New Terrain.asset
  artifactKey: Guid(76d80ef820144f141a1c2b7b749719e6) Importer(815301076,1909f56bfc062723c751e8b465ee728b)
Start importing Assets/New Terrain.asset using Guid(76d80ef820144f141a1c2b7b749719e6) Importer(815301076,1909f56bfc062723c751e8b465ee728b)  -> (artifact id: '6a91abb8ccc7346581507575f359f852') in 0.011105 seconds 
========================================================================
Received Import Request.
  Time since last request: 0.000019 seconds.
  path: Assets/TerrainData_e6a333de-9a81-49df-b2fa-c933ca71a43e.asset
  artifactKey: Guid(309bb9304e3c91d46931a5e8d2b8b4e0) Importer(815301076,1909f56bfc062723c751e8b465ee728b)
Start importing Assets/TerrainData_e6a333de-9a81-49df-b2fa-c933ca71a43e.asset using Guid(309bb9304e3c91d46931a5e8d2b8b4e0) Importer(815301076,1909f56bfc062723c751e8b465ee728b)  -> (artifact id: '18ce61b921feacf997486dc097e3db1b') in 0.010375 seconds 
========================================================================
Received Import Request.
  Time since last request: 0.000029 seconds.
  path: Assets/TerrainData_f8a69577-b089-4205-83f8-7cd6faa11ec5.asset
  artifactKey: Guid(02a02cf0fe6b23440b82042dc6c829f0) Importer(815301076,1909f56bfc062723c751e8b465ee728b)
Start importing Assets/TerrainData_f8a69577-b089-4205-83f8-7cd6faa11ec5.asset using Guid(02a02cf0fe6b23440b82042dc6c829f0) Importer(815301076,1909f56bfc062723c751e8b465ee728b)  -> (artifact id: '9f88ac3766b5251da3d62edf074af9b4') in 0.009851 seconds 
Editor requested this worker to shutdown with reason: Scaling down because of idle timeout
AssetImportWorker is now disconnected from the server
Process exiting
Exiting without the bug reporter. Application will terminate with return code 0