Using pre-set license
Built from '2021.3/staging' branch; Version is '2021.3.5f1 (40eb3a945986) revision 4254522'; Using compiler version '192829333'; Build Type 'Release'
OS: 'Windows 10  (10.0.19044) 64bit Professional' Language: 'ko' Physical Memory: 16322 MB
BatchMode: 1, IsHumanControllingUs: 0, StartBugReporterOnCrash: 0, Is64bit: 1, IsPro: 1

COMMAND LINE ARGUMENTS:
C:\Program Files\Unity\Hub\Editor\2021.3.5f1\Editor\Unity.exe
-adb2
-batchMode
-noUpm
-name
AssetImportWorker2
-projectPath
C:/Users/1302/Desktop/HK_Unity/Zombie_FPS
-logFile
Logs/AssetImportWorker2.log
-srvPort
54056
Successfully changed project path to: C:/Users/1302/Desktop/HK_Unity/Zombie_FPS
C:/Users/1302/Desktop/HK_Unity/Zombie_FPS
[UnityMemory] Configuration Parameters - Can be set up in boot.config
    "memorysetup-bucket-allocator-granularity=16"
    "memorysetup-bucket-allocator-bucket-count=8"
    "memorysetup-bucket-allocator-block-size=33554432"
    "memorysetup-bucket-allocator-block-count=8"
    "memorysetup-main-allocator-block-size=16777216"
    "memorysetup-thread-allocator-block-size=16777216"
    "memorysetup-gfx-main-allocator-block-size=16777216"
    "memorysetup-gfx-thread-allocator-block-size=16777216"
    "memorysetup-cache-allocator-block-size=4194304"
    "memorysetup-typetree-allocator-block-size=2097152"
    "memorysetup-profiler-bucket-allocator-granularity=16"
    "memorysetup-profiler-bucket-allocator-bucket-count=8"
    "memorysetup-profiler-bucket-allocator-block-size=33554432"
    "memorysetup-profiler-bucket-allocator-block-count=8"
    "memorysetup-profiler-allocator-block-size=16777216"
    "memorysetup-profiler-editor-allocator-block-size=1048576"
    "memorysetup-temp-allocator-size-main=16777216"
    "memorysetup-job-temp-allocator-block-size=2097152"
    "memorysetup-job-temp-allocator-block-size-background=1048576"
    "memorysetup-job-temp-allocator-reduction-small-platforms=262144"
    "memorysetup-temp-allocator-size-background-worker=32768"
    "memorysetup-temp-allocator-size-job-worker=262144"
    "memorysetup-temp-allocator-size-preload-manager=33554432"
    "memorysetup-temp-allocator-size-nav-mesh-worker=65536"
    "memorysetup-temp-allocator-size-audio-worker=65536"
    "memorysetup-temp-allocator-size-cloud-worker=32768"
    "memorysetup-temp-allocator-size-gi-baking-worker=262144"
    "memorysetup-temp-allocator-size-gfx=262144"
Refreshing native plugins compatible for Editor in 79.49 ms, found 3 plugins.
Preloading 0 native plugins for Editor in 0.00 ms.
Initialize engine version: 2021.3.5f1 (40eb3a945986)
[Subsystems] Discovering subsystems at path C:/Program Files/Unity/Hub/Editor/2021.3.5f1/Editor/Data/Resources/UnitySubsystems
[Subsystems] Discovering subsystems at path C:/Users/1302/Desktop/HK_Unity/Zombie_FPS/Assets
GfxDevice: creating device client; threaded=0; jobified=0
Direct3D:
    Version:  Direct3D 11.0 [level 11.1]
    Renderer: NVIDIA GeForce GTX 1660 (ID=0x2184)
    Vendor:   NVIDIA
    VRAM:     5991 MB
    Driver:   27.21.14.5751
Initialize mono
Mono path[0] = 'C:/Program Files/Unity/Hub/Editor/2021.3.5f1/Editor/Data/Managed'
Mono path[1] = 'C:/Program Files/Unity/Hub/Editor/2021.3.5f1/Editor/Data/MonoBleedingEdge/lib/mono/unityjit-win32'
Mono config path = 'C:/Program Files/Unity/Hub/Editor/2021.3.5f1/Editor/Data/MonoBleedingEdge/etc'
Using monoOptions --debugger-agent=transport=dt_socket,embedding=1,server=y,suspend=n,address=127.0.0.1:56672
Begin MonoManager ReloadAssembly
Registering precompiled unity dll's ...
Register platform support module: C:/Program Files/Unity/Hub/Editor/2021.3.5f1/Editor/Data/PlaybackEngines/WebGLSupport/UnityEditor.WebGL.Extensions.dll
Register platform support module: C:/Program Files/Unity/Hub/Editor/2021.3.5f1/Editor/Data/PlaybackEngines/AndroidPlayer/UnityEditor.Android.Extensions.dll
Register platform support module: C:/Program Files/Unity/Hub/Editor/2021.3.5f1/Editor/Data/PlaybackEngines/WindowsStandaloneSupport/UnityEditor.WindowsStandalone.Extensions.dll
Registered in 0.007022 seconds.
Native extension for WindowsStandalone target not found
Native extension for Android target not found
Native extension for WebGL target not found
Refreshing native plugins compatible for Editor in 76.56 ms, found 3 plugins.
Preloading 0 native plugins for Editor in 0.00 ms.
Mono: successfully reloaded assembly
- Completed reload, in  0.620 seconds
Domain Reload Profiling:
	ReloadAssembly (621ms)
		BeginReloadAssembly (67ms)
			ExecutionOrderSort (0ms)
			DisableScriptedObjects (0ms)
			BackupInstance (0ms)
			ReleaseScriptingObjects (0ms)
			CreateAndSetChildDomain (1ms)
		EndReloadAssembly (452ms)
			LoadAssemblies (66ms)
			RebuildTransferFunctionScriptingTraits (0ms)
			SetupTypeCache (102ms)
			ReleaseScriptCaches (0ms)
			RebuildScriptCaches (28ms)
			SetupLoadedEditorAssemblies (276ms)
				LogAssemblyErrors (0ms)
				InitializePlatformSupportModulesInManaged (53ms)
				SetLoadedEditorAssemblies (0ms)
				RefreshPlugins (77ms)
				BeforeProcessingInitializeOnLoad (1ms)
				ProcessInitializeOnLoadAttributes (103ms)
				ProcessInitializeOnLoadMethodAttributes (42ms)
				AfterProcessingInitializeOnLoad (0ms)
				EditorAssembliesLoaded (0ms)
			ExecutionOrderSort2 (0ms)
			AwakeInstancesAfterBackupRestoration (0ms)
Platform modules already initialized, skipping
Registering precompiled user dll's ...
Registered in 0.004860 seconds.
Begin MonoManager ReloadAssembly
Symbol file LoadedFromMemory doesn't match image C:\Users\1302\Desktop\HK_Unity\Zombie_FPS\Library\PackageCache\com.unity.visualscripting@1.7.8\Editor\VisualScripting.Core\Dependencies\YamlDotNet\Unity.VisualScripting.YamlDotNet.dll
Symbol file LoadedFromMemory doesn't match image C:\Users\1302\Desktop\HK_Unity\Zombie_FPS\Library\PackageCache\com.unity.visualscripting@1.7.8\Editor\VisualScripting.Core\Dependencies\DotNetZip\Unity.VisualScripting.IonicZip.dll
Native extension for WindowsStandalone target not found
Native extension for Android target not found
Native extension for WebGL target not found
Refreshing native plugins compatible for Editor in 0.52 ms, found 3 plugins.
Preloading 0 native plugins for Editor in 0.00 ms.
Mono: successfully reloaded assembly
- Completed reload, in  1.074 seconds
Domain Reload Profiling:
	ReloadAssembly (1075ms)
		BeginReloadAssembly (210ms)
			ExecutionOrderSort (0ms)
			DisableScriptedObjects (5ms)
			BackupInstance (0ms)
			ReleaseScriptingObjects (0ms)
			CreateAndSetChildDomain (124ms)
		EndReloadAssembly (758ms)
			LoadAssemblies (72ms)
			RebuildTransferFunctionScriptingTraits (0ms)
			SetupTypeCache (256ms)
			ReleaseScriptCaches (1ms)
			RebuildScriptCaches (48ms)
			SetupLoadedEditorAssemblies (344ms)
				LogAssemblyErrors (0ms)
				InitializePlatformSupportModulesInManaged (15ms)
				SetLoadedEditorAssemblies (0ms)
				RefreshPlugins (1ms)
				BeforeProcessingInitializeOnLoad (83ms)
				ProcessInitializeOnLoadAttributes (213ms)
				ProcessInitializeOnLoadMethodAttributes (25ms)
				AfterProcessingInitializeOnLoad (6ms)
				EditorAssembliesLoaded (0ms)
			ExecutionOrderSort2 (0ms)
			AwakeInstancesAfterBackupRestoration (5ms)
Platform modules already initialized, skipping
========================================================================
Worker process is ready to serve import requests
Launched and connected shader compiler UnityShaderCompiler.exe after 0.03 seconds
Refreshing native plugins compatible for Editor in 0.56 ms, found 3 plugins.
Preloading 0 native plugins for Editor in 0.00 ms.
Unloading 3370 Unused Serialized files (Serialized files now loaded: 0)
Unloading 27 unused Assets / (111.6 KB). Loaded Objects now: 3851.
Memory consumption went from 129.3 MB to 129.2 MB.
Total: 3.163800 ms (FindLiveObjects: 0.306800 ms CreateObjectMapping: 0.206300 ms MarkObjects: 2.513700 ms  DeleteObjects: 0.136000 ms)

AssetImportParameters requested are different than current active one (requested -> active):
  custom:video-decoder-ogg-theora: a1e56fd34408186e4bbccfd4996cb3dc -> 
  custom:container-muxer-webm: aa71ff27fc2769a1b78a27578f13a17b -> 
  custom:container-demuxer-webm: 4f35f7cbe854078d1ac9338744f61a02 -> 
  custom:video-encoder-webm-vp8: eb34c28f22e8b96e1ab97ce403110664 -> 
  custom:audio-encoder-webm-vorbis: bf7c407c2cedff20999df2af8eb42d56 -> 
  custom:framework-win-MediaFoundation: 216162199b28c13a410421893ffa2e32 -> 
  custom:container-demuxer-ogg: 62fdf1f143b41e24485cea50d1cbac27 -> 
  custom:video-decoder-webm-vp8: 9c59270c3fd7afecdb556c50c9e8de78 -> 
  custom:audio-decoder-ogg-vorbis: bf7c407c2cedff20999df2af8eb42d56 -> 
========================================================================
Received Import Request.
  Time since last request: 1582917.562452 seconds.
  path: Assets/Water Shader/Water_Shader.shader
  artifactKey: Guid(db72245c5f54e4743b6e92defec01741) Importer(815301076,1909f56bfc062723c751e8b465ee728b)
Start importing Assets/Water Shader/Water_Shader.shader using Guid(db72245c5f54e4743b6e92defec01741) Importer(815301076,1909f56bfc062723c751e8b465ee728b)  -> (artifact id: 'add2086b8b5c4341928ff8ce263eaf22') in 0.028787 seconds 
========================================================================
Received Import Request.
  Time since last request: 6.604006 seconds.
  path: Assets/Particle System/Flame
  artifactKey: Guid(2af7c730f5e6fcf45bbda2829d0641c2) Importer(815301076,1909f56bfc062723c751e8b465ee728b)
Start importing Assets/Particle System/Flame using Guid(2af7c730f5e6fcf45bbda2829d0641c2) Importer(815301076,1909f56bfc062723c751e8b465ee728b)  -> (artifact id: '7788cacafb70ce662ab1694ed44f3f4a') in 0.006388 seconds 
========================================================================
Received Import Request.
  Time since last request: 0.046512 seconds.
  path: Assets/Particle System/Flame/Flame1_image.png
  artifactKey: Guid(e10418ffe15252e4f9b3c8c544016769) Importer(815301076,1909f56bfc062723c751e8b465ee728b)
Start importing Assets/Particle System/Flame/Flame1_image.png using Guid(e10418ffe15252e4f9b3c8c544016769) Importer(815301076,1909f56bfc062723c751e8b465ee728b)  -> (artifact id: '921b657fd0a2a820b409c6138eb5a8a2') in 0.047868 seconds 
========================================================================
Received Import Request.
  Time since last request: 0.000017 seconds.
  path: Assets/Particle System/Flame/New Material.mat
  artifactKey: Guid(014767a22862ed84e953794058aff078) Importer(815301076,1909f56bfc062723c751e8b465ee728b)
Start importing Assets/Particle System/Flame/New Material.mat using Guid(014767a22862ed84e953794058aff078) Importer(815301076,1909f56bfc062723c751e8b465ee728b)  -> (artifact id: 'ac3fee781e08c85ef201e02cc698bd90') in 0.085748 seconds 
========================================================================
Received Import Request.
  Time since last request: 7.569780 seconds.
  path: Assets/Image/UI
  artifactKey: Guid(a704f6ca2d44fd3489c42bb210f41640) Importer(815301076,1909f56bfc062723c751e8b465ee728b)
Start importing Assets/Image/UI using Guid(a704f6ca2d44fd3489c42bb210f41640) Importer(815301076,1909f56bfc062723c751e8b465ee728b)  -> (artifact id: '54e8262cac8bb00bd678181f8f128404') in 0.005135 seconds 
========================================================================
Received Import Request.
  Time since last request: 1.163162 seconds.
  path: Assets/Image/Item/item_axe.png
  artifactKey: Guid(ac4a4ec20b47dac4f83eef082c4e70e0) Importer(815301076,1909f56bfc062723c751e8b465ee728b)
Start importing Assets/Image/Item/item_axe.png using Guid(ac4a4ec20b47dac4f83eef082c4e70e0) Importer(815301076,1909f56bfc062723c751e8b465ee728b)  -> (artifact id: '3ea095a979a33e2476ca250393f03c36') in 0.016474 seconds 
========================================================================
Received Import Request.
  Time since last request: 0.000018 seconds.
  path: Assets/Image/Item/item_twig.png
  artifactKey: Guid(caf0916186103ed46aeeb4324720dd56) Importer(815301076,1909f56bfc062723c751e8b465ee728b)
Start importing Assets/Image/Item/item_twig.png using Guid(caf0916186103ed46aeeb4324720dd56) Importer(815301076,1909f56bfc062723c751e8b465ee728b)  -> (artifact id: '1c402566f9bd999f9b4d35381bbe3737') in 0.015081 seconds 
========================================================================
Received Import Request.
  Time since last request: 0.000037 seconds.
  path: Assets/Image/Item/item_rock.png
  artifactKey: Guid(a22d4d80d8b72584599bb53f59d27817) Importer(815301076,1909f56bfc062723c751e8b465ee728b)
Start importing Assets/Image/Item/item_rock.png using Guid(a22d4d80d8b72584599bb53f59d27817) Importer(815301076,1909f56bfc062723c751e8b465ee728b)  -> (artifact id: '844ddf65c18e025635002c2a709bc872') in 0.018144 seconds 
========================================================================
Received Import Request.
  Time since last request: 0.000026 seconds.
  path: Assets/Image/Item/item_Used_Red_Potion.png
  artifactKey: Guid(4857ade93f5b6c34bbfa9af565afed64) Importer(815301076,1909f56bfc062723c751e8b465ee728b)
Start importing Assets/Image/Item/item_Used_Red_Potion.png using Guid(4857ade93f5b6c34bbfa9af565afed64) Importer(815301076,1909f56bfc062723c751e8b465ee728b)  -> (artifact id: '5939b2de1ad953ecf5961b1be7f7dc94') in 0.017668 seconds 
========================================================================
Received Import Request.
  Time since last request: 0.000032 seconds.
  path: Assets/Image/Item/item_submachinegun2.png
  artifactKey: Guid(a72488f698b62b845ac18d8469c511c8) Importer(815301076,1909f56bfc062723c751e8b465ee728b)
Start importing Assets/Image/Item/item_submachinegun2.png using Guid(a72488f698b62b845ac18d8469c511c8) Importer(815301076,1909f56bfc062723c751e8b465ee728b)  -> (artifact id: '940e5ade7cd575954b76e02babf9087f') in 0.018601 seconds 
Editor requested this worker to shutdown with reason: Scaling down because of idle timeout
AssetImportWorker is now disconnected from the server
Process exiting
Exiting without the bug reporter. Application will terminate with return code 0